ARM GAS  /tmp/ccewrmHw.s 			page 1


   1              		.cpu cortex-m4
   2              		.eabi_attribute 27, 1
   3              		.eabi_attribute 28, 1
   4              		.eabi_attribute 20, 1
   5              		.eabi_attribute 21, 1
   6              		.eabi_attribute 23, 3
   7              		.eabi_attribute 24, 1
   8              		.eabi_attribute 25, 1
   9              		.eabi_attribute 26, 1
  10              		.eabi_attribute 30, 1
  11              		.eabi_attribute 34, 1
  12              		.eabi_attribute 18, 4
  13              		.file	"syscalls.c"
  14              		.text
  15              	.Ltext0:
  16              		.cfi_sections	.debug_frame
  17              		.section	.text.initialise_monitor_handles,"ax",%progbits
  18              		.align	1
  19              		.global	initialise_monitor_handles
  20              		.arch armv7e-m
  21              		.syntax unified
  22              		.thumb
  23              		.thumb_func
  24              		.fpu fpv4-sp-d16
  26              	initialise_monitor_handles:
  27              	.LFB25:
  28              		.file 1 "Core/Src/syscalls.c"
   1:Core/Src/syscalls.c **** /**
   2:Core/Src/syscalls.c ****  ******************************************************************************
   3:Core/Src/syscalls.c ****  * @file      syscalls.c
   4:Core/Src/syscalls.c ****  * @author    Auto-generated by STM32CubeIDE
   5:Core/Src/syscalls.c ****  * @brief     STM32CubeIDE Minimal System calls file
   6:Core/Src/syscalls.c ****  *
   7:Core/Src/syscalls.c ****  *            For more information about which c-functions
   8:Core/Src/syscalls.c ****  *            need which of these lowlevel functions
   9:Core/Src/syscalls.c ****  *            please consult the Newlib libc-manual
  10:Core/Src/syscalls.c ****  ******************************************************************************
  11:Core/Src/syscalls.c ****  * @attention
  12:Core/Src/syscalls.c ****  *
  13:Core/Src/syscalls.c ****  * Copyright (c) 2020-2023 STMicroelectronics.
  14:Core/Src/syscalls.c ****  * All rights reserved.
  15:Core/Src/syscalls.c ****  *
  16:Core/Src/syscalls.c ****  * This software is licensed under terms that can be found in the LICENSE file
  17:Core/Src/syscalls.c ****  * in the root directory of this software component.
  18:Core/Src/syscalls.c ****  * If no LICENSE file comes with this software, it is provided AS-IS.
  19:Core/Src/syscalls.c ****  *
  20:Core/Src/syscalls.c ****  ******************************************************************************
  21:Core/Src/syscalls.c ****  */
  22:Core/Src/syscalls.c **** 
  23:Core/Src/syscalls.c **** /* Includes */
  24:Core/Src/syscalls.c **** #include <sys/stat.h>
  25:Core/Src/syscalls.c **** #include <stdlib.h>
  26:Core/Src/syscalls.c **** #include <errno.h>
  27:Core/Src/syscalls.c **** #include <stdio.h>
  28:Core/Src/syscalls.c **** #include <signal.h>
  29:Core/Src/syscalls.c **** #include <time.h>
  30:Core/Src/syscalls.c **** #include <sys/time.h>
ARM GAS  /tmp/ccewrmHw.s 			page 2


  31:Core/Src/syscalls.c **** #include <sys/times.h>
  32:Core/Src/syscalls.c **** 
  33:Core/Src/syscalls.c **** 
  34:Core/Src/syscalls.c **** /* Variables */
  35:Core/Src/syscalls.c **** extern int __io_putchar(int ch) __attribute__((weak));
  36:Core/Src/syscalls.c **** extern int __io_getchar(void) __attribute__((weak));
  37:Core/Src/syscalls.c **** 
  38:Core/Src/syscalls.c **** 
  39:Core/Src/syscalls.c **** char *__env[1] = { 0 };
  40:Core/Src/syscalls.c **** char **environ = __env;
  41:Core/Src/syscalls.c **** 
  42:Core/Src/syscalls.c **** extern char _estack;
  43:Core/Src/syscalls.c **** extern char _Min_Stack_Size;
  44:Core/Src/syscalls.c **** 
  45:Core/Src/syscalls.c **** 
  46:Core/Src/syscalls.c **** /* Functions */
  47:Core/Src/syscalls.c **** void initialise_monitor_handles()
  48:Core/Src/syscalls.c **** {
  29              		.loc 1 48 1 view -0
  30              		.cfi_startproc
  31              		@ args = 0, pretend = 0, frame = 0
  32              		@ frame_needed = 0, uses_anonymous_args = 0
  33              		@ link register save eliminated.
  49:Core/Src/syscalls.c **** }
  34              		.loc 1 49 1 view .LVU1
  35 0000 7047     		bx	lr
  36              		.cfi_endproc
  37              	.LFE25:
  39              		.section	.text._getpid,"ax",%progbits
  40              		.align	1
  41              		.global	_getpid
  42              		.syntax unified
  43              		.thumb
  44              		.thumb_func
  45              		.fpu fpv4-sp-d16
  47              	_getpid:
  48              	.LFB26:
  50:Core/Src/syscalls.c **** 
  51:Core/Src/syscalls.c **** int _getpid(void)
  52:Core/Src/syscalls.c **** {
  49              		.loc 1 52 1 view -0
  50              		.cfi_startproc
  51              		@ args = 0, pretend = 0, frame = 0
  52              		@ frame_needed = 0, uses_anonymous_args = 0
  53              		@ link register save eliminated.
  53:Core/Src/syscalls.c ****   return 1;
  54              		.loc 1 53 3 view .LVU3
  54:Core/Src/syscalls.c **** }
  55              		.loc 1 54 1 is_stmt 0 view .LVU4
  56 0000 0120     		movs	r0, #1
  57 0002 7047     		bx	lr
  58              		.cfi_endproc
  59              	.LFE26:
  61              		.section	.text._kill,"ax",%progbits
  62              		.align	1
  63              		.global	_kill
  64              		.syntax unified
ARM GAS  /tmp/ccewrmHw.s 			page 3


  65              		.thumb
  66              		.thumb_func
  67              		.fpu fpv4-sp-d16
  69              	_kill:
  70              	.LVL0:
  71              	.LFB27:
  55:Core/Src/syscalls.c **** 
  56:Core/Src/syscalls.c **** int _kill(int pid, int sig)
  57:Core/Src/syscalls.c **** {
  72              		.loc 1 57 1 is_stmt 1 view -0
  73              		.cfi_startproc
  74              		@ args = 0, pretend = 0, frame = 0
  75              		@ frame_needed = 0, uses_anonymous_args = 0
  76              		.loc 1 57 1 is_stmt 0 view .LVU6
  77 0000 08B5     		push	{r3, lr}
  78              	.LCFI0:
  79              		.cfi_def_cfa_offset 8
  80              		.cfi_offset 3, -8
  81              		.cfi_offset 14, -4
  58:Core/Src/syscalls.c ****   (void)pid;
  82              		.loc 1 58 3 is_stmt 1 view .LVU7
  59:Core/Src/syscalls.c ****   (void)sig;
  83              		.loc 1 59 3 view .LVU8
  60:Core/Src/syscalls.c ****   errno = EINVAL;
  84              		.loc 1 60 3 view .LVU9
  85 0002 FFF7FEFF 		bl	__errno
  86              	.LVL1:
  87              		.loc 1 60 9 is_stmt 0 view .LVU10
  88 0006 1623     		movs	r3, #22
  89 0008 0360     		str	r3, [r0]
  61:Core/Src/syscalls.c ****   return -1;
  90              		.loc 1 61 3 is_stmt 1 view .LVU11
  62:Core/Src/syscalls.c **** }
  91              		.loc 1 62 1 is_stmt 0 view .LVU12
  92 000a 4FF0FF30 		mov	r0, #-1
  93 000e 08BD     		pop	{r3, pc}
  94              		.cfi_endproc
  95              	.LFE27:
  97              		.section	.text._exit,"ax",%progbits
  98              		.align	1
  99              		.global	_exit
 100              		.syntax unified
 101              		.thumb
 102              		.thumb_func
 103              		.fpu fpv4-sp-d16
 105              	_exit:
 106              	.LVL2:
 107              	.LFB28:
  63:Core/Src/syscalls.c **** 
  64:Core/Src/syscalls.c **** void _exit (int status)
  65:Core/Src/syscalls.c **** {
 108              		.loc 1 65 1 is_stmt 1 view -0
 109              		.cfi_startproc
 110              		@ Volatile: function does not return.
 111              		@ args = 0, pretend = 0, frame = 0
 112              		@ frame_needed = 0, uses_anonymous_args = 0
 113              		.loc 1 65 1 is_stmt 0 view .LVU14
ARM GAS  /tmp/ccewrmHw.s 			page 4


 114 0000 08B5     		push	{r3, lr}
 115              	.LCFI1:
 116              		.cfi_def_cfa_offset 8
 117              		.cfi_offset 3, -8
 118              		.cfi_offset 14, -4
  66:Core/Src/syscalls.c ****   _kill(status, -1);
 119              		.loc 1 66 3 is_stmt 1 view .LVU15
 120 0002 4FF0FF31 		mov	r1, #-1
 121 0006 FFF7FEFF 		bl	_kill
 122              	.LVL3:
 123              	.L6:
  67:Core/Src/syscalls.c ****   while (1) {}    /* Make sure we hang here */
 124              		.loc 1 67 3 discriminator 1 view .LVU16
 125              		.loc 1 67 14 discriminator 1 view .LVU17
 126              		.loc 1 67 9 discriminator 1 view .LVU18
 127 000a FEE7     		b	.L6
 128              		.cfi_endproc
 129              	.LFE28:
 131              		.section	.text._read,"ax",%progbits
 132              		.align	1
 133              		.weak	_read
 134              		.syntax unified
 135              		.thumb
 136              		.thumb_func
 137              		.fpu fpv4-sp-d16
 139              	_read:
 140              	.LVL4:
 141              	.LFB29:
  68:Core/Src/syscalls.c **** }
  69:Core/Src/syscalls.c **** 
  70:Core/Src/syscalls.c **** __attribute__((weak)) int _read(int file, char *ptr, int len)
  71:Core/Src/syscalls.c **** {
 142              		.loc 1 71 1 view -0
 143              		.cfi_startproc
 144              		@ args = 0, pretend = 0, frame = 0
 145              		@ frame_needed = 0, uses_anonymous_args = 0
 146              		.loc 1 71 1 is_stmt 0 view .LVU20
 147 0000 70B5     		push	{r4, r5, r6, lr}
 148              	.LCFI2:
 149              		.cfi_def_cfa_offset 16
 150              		.cfi_offset 4, -16
 151              		.cfi_offset 5, -12
 152              		.cfi_offset 6, -8
 153              		.cfi_offset 14, -4
 154 0002 0C46     		mov	r4, r1
 155 0004 1646     		mov	r6, r2
  72:Core/Src/syscalls.c ****   (void)file;
 156              		.loc 1 72 3 is_stmt 1 view .LVU21
  73:Core/Src/syscalls.c ****   int DataIdx;
 157              		.loc 1 73 3 view .LVU22
  74:Core/Src/syscalls.c **** 
  75:Core/Src/syscalls.c ****   for (DataIdx = 0; DataIdx < len; DataIdx++)
 158              		.loc 1 75 3 view .LVU23
 159              	.LVL5:
 160              		.loc 1 75 16 is_stmt 0 view .LVU24
 161 0006 0025     		movs	r5, #0
 162              		.loc 1 75 3 view .LVU25
ARM GAS  /tmp/ccewrmHw.s 			page 5


 163 0008 06E0     		b	.L9
 164              	.LVL6:
 165              	.L10:
  76:Core/Src/syscalls.c ****   {
  77:Core/Src/syscalls.c ****     *ptr++ = __io_getchar();
 166              		.loc 1 77 5 is_stmt 1 discriminator 3 view .LVU26
 167              		.loc 1 77 14 is_stmt 0 discriminator 3 view .LVU27
 168 000a FFF7FEFF 		bl	__io_getchar
 169              	.LVL7:
 170              		.loc 1 77 9 discriminator 3 view .LVU28
 171 000e 2146     		mov	r1, r4
 172              	.LVL8:
 173              		.loc 1 77 12 discriminator 3 view .LVU29
 174 0010 01F8010B 		strb	r0, [r1], #1
 175              	.LVL9:
  75:Core/Src/syscalls.c ****   {
 176              		.loc 1 75 36 is_stmt 1 discriminator 3 view .LVU30
  75:Core/Src/syscalls.c ****   {
 177              		.loc 1 75 43 is_stmt 0 discriminator 3 view .LVU31
 178 0014 0135     		adds	r5, r5, #1
 179              	.LVL10:
 180              		.loc 1 77 9 discriminator 3 view .LVU32
 181 0016 0C46     		mov	r4, r1
 182              	.LVL11:
 183              	.L9:
  75:Core/Src/syscalls.c ****   {
 184              		.loc 1 75 21 is_stmt 1 discriminator 1 view .LVU33
  75:Core/Src/syscalls.c ****   {
 185              		.loc 1 75 3 is_stmt 0 discriminator 1 view .LVU34
 186 0018 B542     		cmp	r5, r6
 187 001a F6DB     		blt	.L10
  78:Core/Src/syscalls.c ****   }
  79:Core/Src/syscalls.c **** 
  80:Core/Src/syscalls.c ****   return len;
 188              		.loc 1 80 3 is_stmt 1 view .LVU35
  81:Core/Src/syscalls.c **** }
 189              		.loc 1 81 1 is_stmt 0 view .LVU36
 190 001c 3046     		mov	r0, r6
 191 001e 70BD     		pop	{r4, r5, r6, pc}
 192              		.loc 1 81 1 view .LVU37
 193              		.cfi_endproc
 194              	.LFE29:
 196              		.section	.text._write,"ax",%progbits
 197              		.align	1
 198              		.weak	_write
 199              		.syntax unified
 200              		.thumb
 201              		.thumb_func
 202              		.fpu fpv4-sp-d16
 204              	_write:
 205              	.LVL12:
 206              	.LFB30:
  82:Core/Src/syscalls.c **** 
  83:Core/Src/syscalls.c **** __attribute__((weak)) int _write(int file, char *ptr, int len)
  84:Core/Src/syscalls.c **** {
 207              		.loc 1 84 1 is_stmt 1 view -0
 208              		.cfi_startproc
ARM GAS  /tmp/ccewrmHw.s 			page 6


 209              		@ args = 0, pretend = 0, frame = 0
 210              		@ frame_needed = 0, uses_anonymous_args = 0
 211              		.loc 1 84 1 is_stmt 0 view .LVU39
 212 0000 70B5     		push	{r4, r5, r6, lr}
 213              	.LCFI3:
 214              		.cfi_def_cfa_offset 16
 215              		.cfi_offset 4, -16
 216              		.cfi_offset 5, -12
 217              		.cfi_offset 6, -8
 218              		.cfi_offset 14, -4
 219 0002 0C46     		mov	r4, r1
 220 0004 1646     		mov	r6, r2
  85:Core/Src/syscalls.c ****   (void)file;
 221              		.loc 1 85 3 is_stmt 1 view .LVU40
  86:Core/Src/syscalls.c ****   int DataIdx;
 222              		.loc 1 86 3 view .LVU41
  87:Core/Src/syscalls.c **** 
  88:Core/Src/syscalls.c ****   for (DataIdx = 0; DataIdx < len; DataIdx++)
 223              		.loc 1 88 3 view .LVU42
 224              	.LVL13:
 225              		.loc 1 88 16 is_stmt 0 view .LVU43
 226 0006 0025     		movs	r5, #0
 227              		.loc 1 88 3 view .LVU44
 228 0008 04E0     		b	.L13
 229              	.LVL14:
 230              	.L14:
  89:Core/Src/syscalls.c ****   {
  90:Core/Src/syscalls.c ****     __io_putchar(*ptr++);
 231              		.loc 1 90 5 is_stmt 1 discriminator 3 view .LVU45
 232              		.loc 1 90 5 is_stmt 0 discriminator 3 view .LVU46
 233 000a 14F8010B 		ldrb	r0, [r4], #1	@ zero_extendqisi2
 234              	.LVL15:
 235              		.loc 1 90 5 discriminator 3 view .LVU47
 236 000e FFF7FEFF 		bl	__io_putchar
 237              	.LVL16:
  88:Core/Src/syscalls.c ****   {
 238              		.loc 1 88 36 is_stmt 1 discriminator 3 view .LVU48
  88:Core/Src/syscalls.c ****   {
 239              		.loc 1 88 43 is_stmt 0 discriminator 3 view .LVU49
 240 0012 0135     		adds	r5, r5, #1
 241              	.LVL17:
 242              	.L13:
  88:Core/Src/syscalls.c ****   {
 243              		.loc 1 88 21 is_stmt 1 discriminator 1 view .LVU50
  88:Core/Src/syscalls.c ****   {
 244              		.loc 1 88 3 is_stmt 0 discriminator 1 view .LVU51
 245 0014 B542     		cmp	r5, r6
 246 0016 F8DB     		blt	.L14
  91:Core/Src/syscalls.c ****   }
  92:Core/Src/syscalls.c ****   return len;
 247              		.loc 1 92 3 is_stmt 1 view .LVU52
  93:Core/Src/syscalls.c **** }
 248              		.loc 1 93 1 is_stmt 0 view .LVU53
 249 0018 3046     		mov	r0, r6
 250 001a 70BD     		pop	{r4, r5, r6, pc}
 251              		.loc 1 93 1 view .LVU54
 252              		.cfi_endproc
ARM GAS  /tmp/ccewrmHw.s 			page 7


 253              	.LFE30:
 255              		.section	.text._sbrk,"ax",%progbits
 256              		.align	1
 257              		.global	_sbrk
 258              		.syntax unified
 259              		.thumb
 260              		.thumb_func
 261              		.fpu fpv4-sp-d16
 263              	_sbrk:
 264              	.LVL18:
 265              	.LFB31:
  94:Core/Src/syscalls.c **** 
  95:Core/Src/syscalls.c **** caddr_t _sbrk(int incr) {
 266              		.loc 1 95 25 is_stmt 1 view -0
 267              		.cfi_startproc
 268              		@ args = 0, pretend = 0, frame = 0
 269              		@ frame_needed = 0, uses_anonymous_args = 0
 270              		.loc 1 95 25 is_stmt 0 view .LVU56
 271 0000 08B5     		push	{r3, lr}
 272              	.LCFI4:
 273              		.cfi_def_cfa_offset 8
 274              		.cfi_offset 3, -8
 275              		.cfi_offset 14, -4
 276 0002 0346     		mov	r3, r0
  96:Core/Src/syscalls.c ****     extern char __heap_start__ asm("end");  // Defined by the linker.
 277              		.loc 1 96 5 is_stmt 1 view .LVU57
  97:Core/Src/syscalls.c ****     static char *heap_end;
 278              		.loc 1 97 5 view .LVU58
  98:Core/Src/syscalls.c ****     char *prev_heap_end;
 279              		.loc 1 98 5 view .LVU59
  99:Core/Src/syscalls.c **** 
 100:Core/Src/syscalls.c ****     if (heap_end == NULL) heap_end = &__heap_start__;
 280              		.loc 1 100 5 view .LVU60
 281              		.loc 1 100 18 is_stmt 0 view .LVU61
 282 0004 0D4A     		ldr	r2, .L23
 283 0006 1268     		ldr	r2, [r2]
 284              		.loc 1 100 8 view .LVU62
 285 0008 5AB1     		cbz	r2, .L21
 286              	.L17:
 101:Core/Src/syscalls.c **** 
 102:Core/Src/syscalls.c ****     prev_heap_end = heap_end;
 287              		.loc 1 102 5 is_stmt 1 view .LVU63
 288              		.loc 1 102 19 is_stmt 0 view .LVU64
 289 000a 0C4A     		ldr	r2, .L23
 290 000c 1068     		ldr	r0, [r2]
 291              	.LVL19:
 103:Core/Src/syscalls.c **** 
 104:Core/Src/syscalls.c ****     if (heap_end + incr > &_estack - _Min_Stack_Size) {
 292              		.loc 1 104 5 is_stmt 1 view .LVU65
 293              		.loc 1 104 18 is_stmt 0 view .LVU66
 294 000e 0344     		add	r3, r3, r0
 295              	.LVL20:
 296              		.loc 1 104 36 view .LVU67
 297 0010 0B4A     		ldr	r2, .L23+4
 298 0012 1178     		ldrb	r1, [r2]	@ zero_extendqisi2
 299 0014 0B4A     		ldr	r2, .L23+8
 300 0016 521A     		subs	r2, r2, r1
ARM GAS  /tmp/ccewrmHw.s 			page 8


 301              		.loc 1 104 8 view .LVU68
 302 0018 9342     		cmp	r3, r2
 303 001a 06D8     		bhi	.L22
 105:Core/Src/syscalls.c ****     		__asm("BKPT #0\n");
 106:Core/Src/syscalls.c ****         errno = ENOMEM;
 107:Core/Src/syscalls.c ****         return (caddr_t)-1;
 108:Core/Src/syscalls.c **** 
 109:Core/Src/syscalls.c ****     }
 110:Core/Src/syscalls.c **** 
 111:Core/Src/syscalls.c ****     heap_end += incr;
 304              		.loc 1 111 5 is_stmt 1 view .LVU69
 305              		.loc 1 111 14 is_stmt 0 view .LVU70
 306 001c 074A     		ldr	r2, .L23
 307 001e 1360     		str	r3, [r2]
 112:Core/Src/syscalls.c ****     return (caddr_t)prev_heap_end;
 308              		.loc 1 112 5 is_stmt 1 view .LVU71
 309              	.LVL21:
 310              	.L16:
 113:Core/Src/syscalls.c **** 
 114:Core/Src/syscalls.c **** }
 311              		.loc 1 114 1 is_stmt 0 view .LVU72
 312 0020 08BD     		pop	{r3, pc}
 313              	.LVL22:
 314              	.L21:
 100:Core/Src/syscalls.c **** 
 315              		.loc 1 100 27 is_stmt 1 discriminator 1 view .LVU73
 100:Core/Src/syscalls.c **** 
 316              		.loc 1 100 36 is_stmt 0 discriminator 1 view .LVU74
 317 0022 064A     		ldr	r2, .L23
 318 0024 0849     		ldr	r1, .L23+12
 319 0026 1160     		str	r1, [r2]
 320 0028 EFE7     		b	.L17
 321              	.LVL23:
 322              	.L22:
 105:Core/Src/syscalls.c ****         errno = ENOMEM;
 323              		.loc 1 105 7 is_stmt 1 view .LVU75
 324              		.syntax unified
 325              	@ 105 "Core/Src/syscalls.c" 1
 326 002a 00BE     		BKPT #0
 327              	
 328              	@ 0 "" 2
 106:Core/Src/syscalls.c ****         return (caddr_t)-1;
 329              		.loc 1 106 9 view .LVU76
 330              		.thumb
 331              		.syntax unified
 332 002c FFF7FEFF 		bl	__errno
 333              	.LVL24:
 106:Core/Src/syscalls.c ****         return (caddr_t)-1;
 334              		.loc 1 106 15 is_stmt 0 view .LVU77
 335 0030 0C23     		movs	r3, #12
 336 0032 0360     		str	r3, [r0]
 107:Core/Src/syscalls.c **** 
 337              		.loc 1 107 9 is_stmt 1 view .LVU78
 107:Core/Src/syscalls.c **** 
 338              		.loc 1 107 16 is_stmt 0 view .LVU79
 339 0034 4FF0FF30 		mov	r0, #-1
 340 0038 F2E7     		b	.L16
ARM GAS  /tmp/ccewrmHw.s 			page 9


 341              	.L24:
 342 003a 00BF     		.align	2
 343              	.L23:
 344 003c 00000000 		.word	.LANCHOR0
 345 0040 00000000 		.word	_Min_Stack_Size
 346 0044 00000000 		.word	_estack
 347 0048 00000000 		.word	end
 348              		.cfi_endproc
 349              	.LFE31:
 351              		.section	.text._close,"ax",%progbits
 352              		.align	1
 353              		.global	_close
 354              		.syntax unified
 355              		.thumb
 356              		.thumb_func
 357              		.fpu fpv4-sp-d16
 359              	_close:
 360              	.LVL25:
 361              	.LFB32:
 115:Core/Src/syscalls.c **** 
 116:Core/Src/syscalls.c **** int _close(int file)
 117:Core/Src/syscalls.c **** {
 362              		.loc 1 117 1 is_stmt 1 view -0
 363              		.cfi_startproc
 364              		@ args = 0, pretend = 0, frame = 0
 365              		@ frame_needed = 0, uses_anonymous_args = 0
 366              		@ link register save eliminated.
 118:Core/Src/syscalls.c ****   (void)file;
 367              		.loc 1 118 3 view .LVU81
 119:Core/Src/syscalls.c ****   return -1;
 368              		.loc 1 119 3 view .LVU82
 120:Core/Src/syscalls.c **** }
 369              		.loc 1 120 1 is_stmt 0 view .LVU83
 370 0000 4FF0FF30 		mov	r0, #-1
 371              	.LVL26:
 372              		.loc 1 120 1 view .LVU84
 373 0004 7047     		bx	lr
 374              		.cfi_endproc
 375              	.LFE32:
 377              		.section	.text._fstat,"ax",%progbits
 378              		.align	1
 379              		.global	_fstat
 380              		.syntax unified
 381              		.thumb
 382              		.thumb_func
 383              		.fpu fpv4-sp-d16
 385              	_fstat:
 386              	.LVL27:
 387              	.LFB33:
 121:Core/Src/syscalls.c **** 
 122:Core/Src/syscalls.c **** 
 123:Core/Src/syscalls.c **** int _fstat(int file, struct stat *st)
 124:Core/Src/syscalls.c **** {
 388              		.loc 1 124 1 is_stmt 1 view -0
 389              		.cfi_startproc
 390              		@ args = 0, pretend = 0, frame = 0
 391              		@ frame_needed = 0, uses_anonymous_args = 0
ARM GAS  /tmp/ccewrmHw.s 			page 10


 392              		@ link register save eliminated.
 125:Core/Src/syscalls.c ****   (void)file;
 393              		.loc 1 125 3 view .LVU86
 126:Core/Src/syscalls.c ****   st->st_mode = S_IFCHR;
 394              		.loc 1 126 3 view .LVU87
 395              		.loc 1 126 15 is_stmt 0 view .LVU88
 396 0000 4FF40053 		mov	r3, #8192
 397 0004 4B60     		str	r3, [r1, #4]
 127:Core/Src/syscalls.c ****   return 0;
 398              		.loc 1 127 3 is_stmt 1 view .LVU89
 128:Core/Src/syscalls.c **** }
 399              		.loc 1 128 1 is_stmt 0 view .LVU90
 400 0006 0020     		movs	r0, #0
 401              	.LVL28:
 402              		.loc 1 128 1 view .LVU91
 403 0008 7047     		bx	lr
 404              		.cfi_endproc
 405              	.LFE33:
 407              		.section	.text._isatty,"ax",%progbits
 408              		.align	1
 409              		.global	_isatty
 410              		.syntax unified
 411              		.thumb
 412              		.thumb_func
 413              		.fpu fpv4-sp-d16
 415              	_isatty:
 416              	.LVL29:
 417              	.LFB34:
 129:Core/Src/syscalls.c **** 
 130:Core/Src/syscalls.c **** int _isatty(int file)
 131:Core/Src/syscalls.c **** {
 418              		.loc 1 131 1 is_stmt 1 view -0
 419              		.cfi_startproc
 420              		@ args = 0, pretend = 0, frame = 0
 421              		@ frame_needed = 0, uses_anonymous_args = 0
 422              		@ link register save eliminated.
 132:Core/Src/syscalls.c ****   (void)file;
 423              		.loc 1 132 3 view .LVU93
 133:Core/Src/syscalls.c ****   return 1;
 424              		.loc 1 133 3 view .LVU94
 134:Core/Src/syscalls.c **** }
 425              		.loc 1 134 1 is_stmt 0 view .LVU95
 426 0000 0120     		movs	r0, #1
 427              	.LVL30:
 428              		.loc 1 134 1 view .LVU96
 429 0002 7047     		bx	lr
 430              		.cfi_endproc
 431              	.LFE34:
 433              		.section	.text._lseek,"ax",%progbits
 434              		.align	1
 435              		.global	_lseek
 436              		.syntax unified
 437              		.thumb
 438              		.thumb_func
 439              		.fpu fpv4-sp-d16
 441              	_lseek:
 442              	.LVL31:
ARM GAS  /tmp/ccewrmHw.s 			page 11


 443              	.LFB35:
 135:Core/Src/syscalls.c **** 
 136:Core/Src/syscalls.c **** int _lseek(int file, int ptr, int dir)
 137:Core/Src/syscalls.c **** {
 444              		.loc 1 137 1 is_stmt 1 view -0
 445              		.cfi_startproc
 446              		@ args = 0, pretend = 0, frame = 0
 447              		@ frame_needed = 0, uses_anonymous_args = 0
 448              		@ link register save eliminated.
 138:Core/Src/syscalls.c ****   (void)file;
 449              		.loc 1 138 3 view .LVU98
 139:Core/Src/syscalls.c ****   (void)ptr;
 450              		.loc 1 139 3 view .LVU99
 140:Core/Src/syscalls.c ****   (void)dir;
 451              		.loc 1 140 3 view .LVU100
 141:Core/Src/syscalls.c ****   return 0;
 452              		.loc 1 141 3 view .LVU101
 142:Core/Src/syscalls.c **** }
 453              		.loc 1 142 1 is_stmt 0 view .LVU102
 454 0000 0020     		movs	r0, #0
 455              	.LVL32:
 456              		.loc 1 142 1 view .LVU103
 457 0002 7047     		bx	lr
 458              		.cfi_endproc
 459              	.LFE35:
 461              		.section	.text._open,"ax",%progbits
 462              		.align	1
 463              		.global	_open
 464              		.syntax unified
 465              		.thumb
 466              		.thumb_func
 467              		.fpu fpv4-sp-d16
 469              	_open:
 470              	.LVL33:
 471              	.LFB36:
 143:Core/Src/syscalls.c **** 
 144:Core/Src/syscalls.c **** int _open(char *path, int flags, ...)
 145:Core/Src/syscalls.c **** {
 472              		.loc 1 145 1 is_stmt 1 view -0
 473              		.cfi_startproc
 474              		@ args = 4, pretend = 12, frame = 0
 475              		@ frame_needed = 0, uses_anonymous_args = 1
 476              		@ link register save eliminated.
 477              		.loc 1 145 1 is_stmt 0 view .LVU105
 478 0000 0EB4     		push	{r1, r2, r3}
 479              	.LCFI5:
 480              		.cfi_def_cfa_offset 12
 481              		.cfi_offset 1, -12
 482              		.cfi_offset 2, -8
 483              		.cfi_offset 3, -4
 146:Core/Src/syscalls.c ****   (void)path;
 484              		.loc 1 146 3 is_stmt 1 view .LVU106
 147:Core/Src/syscalls.c ****   (void)flags;
 485              		.loc 1 147 3 view .LVU107
 148:Core/Src/syscalls.c ****   /* Pretend like we always fail */
 149:Core/Src/syscalls.c ****   return -1;
 486              		.loc 1 149 3 view .LVU108
ARM GAS  /tmp/ccewrmHw.s 			page 12


 150:Core/Src/syscalls.c **** }
 487              		.loc 1 150 1 is_stmt 0 view .LVU109
 488 0002 4FF0FF30 		mov	r0, #-1
 489              	.LVL34:
 490              		.loc 1 150 1 view .LVU110
 491 0006 03B0     		add	sp, sp, #12
 492              	.LCFI6:
 493              		.cfi_restore 3
 494              		.cfi_restore 2
 495              		.cfi_restore 1
 496              		.cfi_def_cfa_offset 0
 497 0008 7047     		bx	lr
 498              		.cfi_endproc
 499              	.LFE36:
 501              		.section	.text._wait,"ax",%progbits
 502              		.align	1
 503              		.global	_wait
 504              		.syntax unified
 505              		.thumb
 506              		.thumb_func
 507              		.fpu fpv4-sp-d16
 509              	_wait:
 510              	.LVL35:
 511              	.LFB37:
 151:Core/Src/syscalls.c **** 
 152:Core/Src/syscalls.c **** int _wait(int *status)
 153:Core/Src/syscalls.c **** {
 512              		.loc 1 153 1 is_stmt 1 view -0
 513              		.cfi_startproc
 514              		@ args = 0, pretend = 0, frame = 0
 515              		@ frame_needed = 0, uses_anonymous_args = 0
 516              		.loc 1 153 1 is_stmt 0 view .LVU112
 517 0000 08B5     		push	{r3, lr}
 518              	.LCFI7:
 519              		.cfi_def_cfa_offset 8
 520              		.cfi_offset 3, -8
 521              		.cfi_offset 14, -4
 154:Core/Src/syscalls.c ****   (void)status;
 522              		.loc 1 154 3 is_stmt 1 view .LVU113
 155:Core/Src/syscalls.c ****   errno = ECHILD;
 523              		.loc 1 155 3 view .LVU114
 524 0002 FFF7FEFF 		bl	__errno
 525              	.LVL36:
 526              		.loc 1 155 9 is_stmt 0 view .LVU115
 527 0006 0A23     		movs	r3, #10
 528 0008 0360     		str	r3, [r0]
 156:Core/Src/syscalls.c ****   return -1;
 529              		.loc 1 156 3 is_stmt 1 view .LVU116
 157:Core/Src/syscalls.c **** }
 530              		.loc 1 157 1 is_stmt 0 view .LVU117
 531 000a 4FF0FF30 		mov	r0, #-1
 532 000e 08BD     		pop	{r3, pc}
 533              		.cfi_endproc
 534              	.LFE37:
 536              		.section	.text._unlink,"ax",%progbits
 537              		.align	1
 538              		.global	_unlink
ARM GAS  /tmp/ccewrmHw.s 			page 13


 539              		.syntax unified
 540              		.thumb
 541              		.thumb_func
 542              		.fpu fpv4-sp-d16
 544              	_unlink:
 545              	.LVL37:
 546              	.LFB38:
 158:Core/Src/syscalls.c **** 
 159:Core/Src/syscalls.c **** int _unlink(char *name)
 160:Core/Src/syscalls.c **** {
 547              		.loc 1 160 1 is_stmt 1 view -0
 548              		.cfi_startproc
 549              		@ args = 0, pretend = 0, frame = 0
 550              		@ frame_needed = 0, uses_anonymous_args = 0
 551              		.loc 1 160 1 is_stmt 0 view .LVU119
 552 0000 08B5     		push	{r3, lr}
 553              	.LCFI8:
 554              		.cfi_def_cfa_offset 8
 555              		.cfi_offset 3, -8
 556              		.cfi_offset 14, -4
 161:Core/Src/syscalls.c ****   (void)name;
 557              		.loc 1 161 3 is_stmt 1 view .LVU120
 162:Core/Src/syscalls.c ****   errno = ENOENT;
 558              		.loc 1 162 3 view .LVU121
 559 0002 FFF7FEFF 		bl	__errno
 560              	.LVL38:
 561              		.loc 1 162 9 is_stmt 0 view .LVU122
 562 0006 0223     		movs	r3, #2
 563 0008 0360     		str	r3, [r0]
 163:Core/Src/syscalls.c ****   return -1;
 564              		.loc 1 163 3 is_stmt 1 view .LVU123
 164:Core/Src/syscalls.c **** }
 565              		.loc 1 164 1 is_stmt 0 view .LVU124
 566 000a 4FF0FF30 		mov	r0, #-1
 567 000e 08BD     		pop	{r3, pc}
 568              		.cfi_endproc
 569              	.LFE38:
 571              		.section	.text._times,"ax",%progbits
 572              		.align	1
 573              		.global	_times
 574              		.syntax unified
 575              		.thumb
 576              		.thumb_func
 577              		.fpu fpv4-sp-d16
 579              	_times:
 580              	.LVL39:
 581              	.LFB39:
 165:Core/Src/syscalls.c **** 
 166:Core/Src/syscalls.c **** int _times(struct tms *buf)
 167:Core/Src/syscalls.c **** {
 582              		.loc 1 167 1 is_stmt 1 view -0
 583              		.cfi_startproc
 584              		@ args = 0, pretend = 0, frame = 0
 585              		@ frame_needed = 0, uses_anonymous_args = 0
 586              		@ link register save eliminated.
 168:Core/Src/syscalls.c ****   (void)buf;
 587              		.loc 1 168 3 view .LVU126
ARM GAS  /tmp/ccewrmHw.s 			page 14


 169:Core/Src/syscalls.c ****   return -1;
 588              		.loc 1 169 3 view .LVU127
 170:Core/Src/syscalls.c **** }
 589              		.loc 1 170 1 is_stmt 0 view .LVU128
 590 0000 4FF0FF30 		mov	r0, #-1
 591              	.LVL40:
 592              		.loc 1 170 1 view .LVU129
 593 0004 7047     		bx	lr
 594              		.cfi_endproc
 595              	.LFE39:
 597              		.section	.text._stat,"ax",%progbits
 598              		.align	1
 599              		.global	_stat
 600              		.syntax unified
 601              		.thumb
 602              		.thumb_func
 603              		.fpu fpv4-sp-d16
 605              	_stat:
 606              	.LVL41:
 607              	.LFB40:
 171:Core/Src/syscalls.c **** 
 172:Core/Src/syscalls.c **** int _stat(char *file, struct stat *st)
 173:Core/Src/syscalls.c **** {
 608              		.loc 1 173 1 is_stmt 1 view -0
 609              		.cfi_startproc
 610              		@ args = 0, pretend = 0, frame = 0
 611              		@ frame_needed = 0, uses_anonymous_args = 0
 612              		@ link register save eliminated.
 174:Core/Src/syscalls.c ****   (void)file;
 613              		.loc 1 174 3 view .LVU131
 175:Core/Src/syscalls.c ****   st->st_mode = S_IFCHR;
 614              		.loc 1 175 3 view .LVU132
 615              		.loc 1 175 15 is_stmt 0 view .LVU133
 616 0000 4FF40053 		mov	r3, #8192
 617 0004 4B60     		str	r3, [r1, #4]
 176:Core/Src/syscalls.c ****   return 0;
 618              		.loc 1 176 3 is_stmt 1 view .LVU134
 177:Core/Src/syscalls.c **** }
 619              		.loc 1 177 1 is_stmt 0 view .LVU135
 620 0006 0020     		movs	r0, #0
 621              	.LVL42:
 622              		.loc 1 177 1 view .LVU136
 623 0008 7047     		bx	lr
 624              		.cfi_endproc
 625              	.LFE40:
 627              		.section	.text._link,"ax",%progbits
 628              		.align	1
 629              		.global	_link
 630              		.syntax unified
 631              		.thumb
 632              		.thumb_func
 633              		.fpu fpv4-sp-d16
 635              	_link:
 636              	.LVL43:
 637              	.LFB41:
 178:Core/Src/syscalls.c **** 
 179:Core/Src/syscalls.c **** int _link(char *old, char *new)
ARM GAS  /tmp/ccewrmHw.s 			page 15


 180:Core/Src/syscalls.c **** {
 638              		.loc 1 180 1 is_stmt 1 view -0
 639              		.cfi_startproc
 640              		@ args = 0, pretend = 0, frame = 0
 641              		@ frame_needed = 0, uses_anonymous_args = 0
 642              		.loc 1 180 1 is_stmt 0 view .LVU138
 643 0000 08B5     		push	{r3, lr}
 644              	.LCFI9:
 645              		.cfi_def_cfa_offset 8
 646              		.cfi_offset 3, -8
 647              		.cfi_offset 14, -4
 181:Core/Src/syscalls.c ****   (void)old;
 648              		.loc 1 181 3 is_stmt 1 view .LVU139
 182:Core/Src/syscalls.c ****   (void)new;
 649              		.loc 1 182 3 view .LVU140
 183:Core/Src/syscalls.c ****   errno = EMLINK;
 650              		.loc 1 183 3 view .LVU141
 651 0002 FFF7FEFF 		bl	__errno
 652              	.LVL44:
 653              		.loc 1 183 9 is_stmt 0 view .LVU142
 654 0006 1F23     		movs	r3, #31
 655 0008 0360     		str	r3, [r0]
 184:Core/Src/syscalls.c ****   return -1;
 656              		.loc 1 184 3 is_stmt 1 view .LVU143
 185:Core/Src/syscalls.c **** }
 657              		.loc 1 185 1 is_stmt 0 view .LVU144
 658 000a 4FF0FF30 		mov	r0, #-1
 659 000e 08BD     		pop	{r3, pc}
 660              		.cfi_endproc
 661              	.LFE41:
 663              		.section	.text._fork,"ax",%progbits
 664              		.align	1
 665              		.global	_fork
 666              		.syntax unified
 667              		.thumb
 668              		.thumb_func
 669              		.fpu fpv4-sp-d16
 671              	_fork:
 672              	.LFB42:
 186:Core/Src/syscalls.c **** 
 187:Core/Src/syscalls.c **** int _fork(void)
 188:Core/Src/syscalls.c **** {
 673              		.loc 1 188 1 is_stmt 1 view -0
 674              		.cfi_startproc
 675              		@ args = 0, pretend = 0, frame = 0
 676              		@ frame_needed = 0, uses_anonymous_args = 0
 677 0000 08B5     		push	{r3, lr}
 678              	.LCFI10:
 679              		.cfi_def_cfa_offset 8
 680              		.cfi_offset 3, -8
 681              		.cfi_offset 14, -4
 189:Core/Src/syscalls.c ****   errno = EAGAIN;
 682              		.loc 1 189 3 view .LVU146
 683 0002 FFF7FEFF 		bl	__errno
 684              	.LVL45:
 685              		.loc 1 189 9 is_stmt 0 view .LVU147
 686 0006 0B23     		movs	r3, #11
ARM GAS  /tmp/ccewrmHw.s 			page 16


 687 0008 0360     		str	r3, [r0]
 190:Core/Src/syscalls.c ****   return -1;
 688              		.loc 1 190 3 is_stmt 1 view .LVU148
 191:Core/Src/syscalls.c **** }
 689              		.loc 1 191 1 is_stmt 0 view .LVU149
 690 000a 4FF0FF30 		mov	r0, #-1
 691 000e 08BD     		pop	{r3, pc}
 692              		.cfi_endproc
 693              	.LFE42:
 695              		.section	.text._execve,"ax",%progbits
 696              		.align	1
 697              		.global	_execve
 698              		.syntax unified
 699              		.thumb
 700              		.thumb_func
 701              		.fpu fpv4-sp-d16
 703              	_execve:
 704              	.LVL46:
 705              	.LFB43:
 192:Core/Src/syscalls.c **** 
 193:Core/Src/syscalls.c **** int _execve(char *name, char **argv, char **env)
 194:Core/Src/syscalls.c **** {
 706              		.loc 1 194 1 is_stmt 1 view -0
 707              		.cfi_startproc
 708              		@ args = 0, pretend = 0, frame = 0
 709              		@ frame_needed = 0, uses_anonymous_args = 0
 710              		.loc 1 194 1 is_stmt 0 view .LVU151
 711 0000 08B5     		push	{r3, lr}
 712              	.LCFI11:
 713              		.cfi_def_cfa_offset 8
 714              		.cfi_offset 3, -8
 715              		.cfi_offset 14, -4
 195:Core/Src/syscalls.c ****   (void)name;
 716              		.loc 1 195 3 is_stmt 1 view .LVU152
 196:Core/Src/syscalls.c ****   (void)argv;
 717              		.loc 1 196 3 view .LVU153
 197:Core/Src/syscalls.c ****   (void)env;
 718              		.loc 1 197 3 view .LVU154
 198:Core/Src/syscalls.c ****   errno = ENOMEM;
 719              		.loc 1 198 3 view .LVU155
 720 0002 FFF7FEFF 		bl	__errno
 721              	.LVL47:
 722              		.loc 1 198 9 is_stmt 0 view .LVU156
 723 0006 0C23     		movs	r3, #12
 724 0008 0360     		str	r3, [r0]
 199:Core/Src/syscalls.c ****   return -1;
 725              		.loc 1 199 3 is_stmt 1 view .LVU157
 200:Core/Src/syscalls.c **** }
 726              		.loc 1 200 1 is_stmt 0 view .LVU158
 727 000a 4FF0FF30 		mov	r0, #-1
 728 000e 08BD     		pop	{r3, pc}
 729              		.cfi_endproc
 730              	.LFE43:
 732              		.global	environ
 733              		.global	__env
 734              		.section	.bss.__env,"aw",%nobits
 735              		.align	2
ARM GAS  /tmp/ccewrmHw.s 			page 17


 738              	__env:
 739 0000 00000000 		.space	4
 740              		.section	.bss.heap_end.0,"aw",%nobits
 741              		.align	2
 742              		.set	.LANCHOR0,. + 0
 745              	heap_end.0:
 746 0000 00000000 		.space	4
 747              		.section	.data.environ,"aw"
 748              		.align	2
 751              	environ:
 752 0000 00000000 		.word	__env
 753              		.weak	__io_putchar
 754              		.weak	__io_getchar
 755              		.text
 756              	.Letext0:
 757              		.file 2 "/usr/include/newlib/machine/_default_types.h"
 758              		.file 3 "/usr/include/newlib/sys/_types.h"
 759              		.file 4 "/usr/include/newlib/sys/_timeval.h"
 760              		.file 5 "/usr/include/newlib/sys/_timespec.h"
 761              		.file 6 "/usr/include/newlib/sys/types.h"
 762              		.file 7 "/usr/include/newlib/sys/stat.h"
 763              		.file 8 "/usr/include/newlib/sys/times.h"
 764              		.file 9 "/usr/include/newlib/sys/errno.h"
ARM GAS  /tmp/ccewrmHw.s 			page 18


DEFINED SYMBOLS
                            *ABS*:0000000000000000 syscalls.c
     /tmp/ccewrmHw.s:18     .text.initialise_monitor_handles:0000000000000000 $t
     /tmp/ccewrmHw.s:26     .text.initialise_monitor_handles:0000000000000000 initialise_monitor_handles
     /tmp/ccewrmHw.s:40     .text._getpid:0000000000000000 $t
     /tmp/ccewrmHw.s:47     .text._getpid:0000000000000000 _getpid
     /tmp/ccewrmHw.s:62     .text._kill:0000000000000000 $t
     /tmp/ccewrmHw.s:69     .text._kill:0000000000000000 _kill
     /tmp/ccewrmHw.s:98     .text._exit:0000000000000000 $t
     /tmp/ccewrmHw.s:105    .text._exit:0000000000000000 _exit
     /tmp/ccewrmHw.s:132    .text._read:0000000000000000 $t
     /tmp/ccewrmHw.s:139    .text._read:0000000000000000 _read
     /tmp/ccewrmHw.s:197    .text._write:0000000000000000 $t
     /tmp/ccewrmHw.s:204    .text._write:0000000000000000 _write
     /tmp/ccewrmHw.s:256    .text._sbrk:0000000000000000 $t
     /tmp/ccewrmHw.s:263    .text._sbrk:0000000000000000 _sbrk
     /tmp/ccewrmHw.s:344    .text._sbrk:000000000000003c $d
     /tmp/ccewrmHw.s:352    .text._close:0000000000000000 $t
     /tmp/ccewrmHw.s:359    .text._close:0000000000000000 _close
     /tmp/ccewrmHw.s:378    .text._fstat:0000000000000000 $t
     /tmp/ccewrmHw.s:385    .text._fstat:0000000000000000 _fstat
     /tmp/ccewrmHw.s:408    .text._isatty:0000000000000000 $t
     /tmp/ccewrmHw.s:415    .text._isatty:0000000000000000 _isatty
     /tmp/ccewrmHw.s:434    .text._lseek:0000000000000000 $t
     /tmp/ccewrmHw.s:441    .text._lseek:0000000000000000 _lseek
     /tmp/ccewrmHw.s:462    .text._open:0000000000000000 $t
     /tmp/ccewrmHw.s:469    .text._open:0000000000000000 _open
     /tmp/ccewrmHw.s:502    .text._wait:0000000000000000 $t
     /tmp/ccewrmHw.s:509    .text._wait:0000000000000000 _wait
     /tmp/ccewrmHw.s:537    .text._unlink:0000000000000000 $t
     /tmp/ccewrmHw.s:544    .text._unlink:0000000000000000 _unlink
     /tmp/ccewrmHw.s:572    .text._times:0000000000000000 $t
     /tmp/ccewrmHw.s:579    .text._times:0000000000000000 _times
     /tmp/ccewrmHw.s:598    .text._stat:0000000000000000 $t
     /tmp/ccewrmHw.s:605    .text._stat:0000000000000000 _stat
     /tmp/ccewrmHw.s:628    .text._link:0000000000000000 $t
     /tmp/ccewrmHw.s:635    .text._link:0000000000000000 _link
     /tmp/ccewrmHw.s:664    .text._fork:0000000000000000 $t
     /tmp/ccewrmHw.s:671    .text._fork:0000000000000000 _fork
     /tmp/ccewrmHw.s:696    .text._execve:0000000000000000 $t
     /tmp/ccewrmHw.s:703    .text._execve:0000000000000000 _execve
     /tmp/ccewrmHw.s:751    .data.environ:0000000000000000 environ
     /tmp/ccewrmHw.s:738    .bss.__env:0000000000000000 __env
     /tmp/ccewrmHw.s:735    .bss.__env:0000000000000000 $d
     /tmp/ccewrmHw.s:741    .bss.heap_end.0:0000000000000000 $d
     /tmp/ccewrmHw.s:745    .bss.heap_end.0:0000000000000000 heap_end.0
     /tmp/ccewrmHw.s:748    .data.environ:0000000000000000 $d

UNDEFINED SYMBOLS
__errno
__io_getchar
__io_putchar
_Min_Stack_Size
_estack
end
